<?xml version="1.0" encoding="UTF-8"?>
<testsuite name="NumbersTest" tests="1" skipped="0" failures="0" errors="0" timestamp="2022-08-01T18:01:27" hostname="DESKTOP-5U6L102" time="3.768">
  <properties/>
  <testcase name="start" classname="NumbersTest" time="3.768"/>
  <system-out><![CDATA[?[1;31m
Start test 1?[0m
Welcome to Amazing Numbers!

Supported requests:
- enter a natural number to know its properties;
- enter two natural numbers to obtain the properties of the list:
  * the first parameter represents a starting number;
  * the second parameter shows how many consecutive numbers are to be printed;
- two natural numbers and properties to search for;
- separate the parameters with one space;
- enter 0 to exit.

Enter a request: > 0

Goodbye!
?[1;31m
Start test 2?[0m
Welcome to Amazing Numbers!

Supported requests:
- enter a natural number to know its properties;
- enter two natural numbers to obtain the properties of the list:
  * the first parameter represents a starting number;
  * the second parameter shows how many consecutive numbers are to be printed;
- two natural numbers and properties to search for;
- separate the parameters with one space;
- enter 0 to exit.

Enter a request: > -69

The first parameter should be a natural number or zero.

Enter a request: > 0

Goodbye!
?[1;31m
Start test 3?[0m
Welcome to Amazing Numbers!

Supported requests:
- enter a natural number to know its properties;
- enter two natural numbers to obtain the properties of the list:
  * the first parameter represents a starting number;
  * the second parameter shows how many consecutive numbers are to be printed;
- two natural numbers and properties to search for;
- separate the parameters with one space;
- enter 0 to exit.

Enter a request: > -50

The first parameter should be a natural number or zero.

Enter a request: > 0

Goodbye!
?[1;31m
Start test 4?[0m
Welcome to Amazing Numbers!

Supported requests:
- enter a natural number to know its properties;
- enter two natural numbers to obtain the properties of the list:
  * the first parameter represents a starting number;
  * the second parameter shows how many consecutive numbers are to be printed;
- two natural numbers and properties to search for;
- separate the parameters with one space;
- enter 0 to exit.

Enter a request: > -45

The first parameter should be a natural number or zero.

Enter a request: > 0

Goodbye!
?[1;31m
Start test 5?[0m
Welcome to Amazing Numbers!

Supported requests:
- enter a natural number to know its properties;
- enter two natural numbers to obtain the properties of the list:
  * the first parameter represents a starting number;
  * the second parameter shows how many consecutive numbers are to be printed;
- two natural numbers and properties to search for;
- separate the parameters with one space;
- enter 0 to exit.

Enter a request: > -108

The first parameter should be a natural number or zero.

Enter a request: > 0

Goodbye!
?[1;31m
Start test 6?[0m
Welcome to Amazing Numbers!

Supported requests:
- enter a natural number to know its properties;
- enter two natural numbers to obtain the properties of the list:
  * the first parameter represents a starting number;
  * the second parameter shows how many consecutive numbers are to be printed;
- two natural numbers and properties to search for;
- separate the parameters with one space;
- enter 0 to exit.

Enter a request: > -93

The first parameter should be a natural number or zero.

Enter a request: > 0

Goodbye!
?[1;31m
Start test 7?[0m
Welcome to Amazing Numbers!

Supported requests:
- enter a natural number to know its properties;
- enter two natural numbers to obtain the properties of the list:
  * the first parameter represents a starting number;
  * the second parameter shows how many consecutive numbers are to be printed;
- two natural numbers and properties to search for;
- separate the parameters with one space;
- enter 0 to exit.

Enter a request: > 8417 -137

The second parameter should be a natural number.


Enter a request: > 0

Goodbye!
?[1;31m
Start test 8?[0m
Welcome to Amazing Numbers!

Supported requests:
- enter a natural number to know its properties;
- enter two natural numbers to obtain the properties of the list:
  * the first parameter represents a starting number;
  * the second parameter shows how many consecutive numbers are to be printed;
- two natural numbers and properties to search for;
- separate the parameters with one space;
- enter 0 to exit.

Enter a request: > 28140 -3156

The second parameter should be a natural number.


Enter a request: > 0

Goodbye!
?[1;31m
Start test 9?[0m
Welcome to Amazing Numbers!

Supported requests:
- enter a natural number to know its properties;
- enter two natural numbers to obtain the properties of the list:
  * the first parameter represents a starting number;
  * the second parameter shows how many consecutive numbers are to be printed;
- two natural numbers and properties to search for;
- separate the parameters with one space;
- enter 0 to exit.

Enter a request: > 20869 -21470

The second parameter should be a natural number.


Enter a request: > 0

Goodbye!
?[1;31m
Start test 10?[0m
Welcome to Amazing Numbers!

Supported requests:
- enter a natural number to know its properties;
- enter two natural numbers to obtain the properties of the list:
  * the first parameter represents a starting number;
  * the second parameter shows how many consecutive numbers are to be printed;
- two natural numbers and properties to search for;
- separate the parameters with one space;
- enter 0 to exit.

Enter a request: > 9801 -11715

The second parameter should be a natural number.


Enter a request: > 0

Goodbye!
?[1;31m
Start test 11?[0m
Welcome to Amazing Numbers!

Supported requests:
- enter a natural number to know its properties;
- enter two natural numbers to obtain the properties of the list:
  * the first parameter represents a starting number;
  * the second parameter shows how many consecutive numbers are to be printed;
- two natural numbers and properties to search for;
- separate the parameters with one space;
- enter 0 to exit.

Enter a request: > 3348 -4668

The second parameter should be a natural number.


Enter a request: > 0

Goodbye!
?[1;31m
Start test 12?[0m
Welcome to Amazing Numbers!

Supported requests:
- enter a natural number to know its properties;
- enter two natural numbers to obtain the properties of the list:
  * the first parameter represents a starting number;
  * the second parameter shows how many consecutive numbers are to be printed;
- two natural numbers and properties to search for;
- separate the parameters with one space;
- enter 0 to exit.

Enter a request: > 14209 -31318

The second parameter should be a natural number.


Enter a request: > 0

Goodbye!
?[1;31m
Start test 13?[0m
Welcome to Amazing Numbers!

Supported requests:
- enter a natural number to know its properties;
- enter two natural numbers to obtain the properties of the list:
  * the first parameter represents a starting number;
  * the second parameter shows how many consecutive numbers are to be printed;
- two natural numbers and properties to search for;
- separate the parameters with one space;
- enter 0 to exit.

Enter a request: > 24760 -12790

The second parameter should be a natural number.


Enter a request: > 0

Goodbye!
?[1;31m
Start test 14?[0m
Welcome to Amazing Numbers!

Supported requests:
- enter a natural number to know its properties;
- enter two natural numbers to obtain the properties of the list:
  * the first parameter represents a starting number;
  * the second parameter shows how many consecutive numbers are to be printed;
- two natural numbers and properties to search for;
- separate the parameters with one space;
- enter 0 to exit.

Enter a request: > 8191 -16864

The second parameter should be a natural number.


Enter a request: > 0

Goodbye!
?[1;31m
Start test 15?[0m
Welcome to Amazing Numbers!

Supported requests:
- enter a natural number to know its properties;
- enter two natural numbers to obtain the properties of the list:
  * the first parameter represents a starting number;
  * the second parameter shows how many consecutive numbers are to be printed;
- two natural numbers and properties to search for;
- separate the parameters with one space;
- enter 0 to exit.

Enter a request: > 1021 -25330

The second parameter should be a natural number.


Enter a request: > 0

Goodbye!
?[1;31m
Start test 16?[0m
Welcome to Amazing Numbers!

Supported requests:
- enter a natural number to know its properties;
- enter two natural numbers to obtain the properties of the list:
  * the first parameter represents a starting number;
  * the second parameter shows how many consecutive numbers are to be printed;
- two natural numbers and properties to search for;
- separate the parameters with one space;
- enter 0 to exit.

Enter a request: > 2539 -21635

The second parameter should be a natural number.


Enter a request: > 0

Goodbye!
?[1;31m
Start test 17?[0m
Welcome to Amazing Numbers!

Supported requests:
- enter a natural number to know its properties;
- enter two natural numbers to obtain the properties of the list:
  * the first parameter represents a starting number;
  * the second parameter shows how many consecutive numbers are to be printed;
- two natural numbers and properties to search for;
- separate the parameters with one space;
- enter 0 to exit.

Enter a request: > 1

Properties of 1
        buzz: false
        duck: false
 palindromic: true
      gapful: false
         spy: true
      square: true
       sunny: false
     jumping: true
        even: false
         odd: true

Enter a request: > 2

Properties of 2
        buzz: false
        duck: false
 palindromic: true
      gapful: false
         spy: true
      square: false
       sunny: false
     jumping: true
        even: true
         odd: false

Enter a request: > 3

Properties of 3
        buzz: false
        duck: false
 palindromic: true
      gapful: false
         spy: true
      square: false
       sunny: true
     jumping: true
        even: false
         odd: true

Enter a request: > 4

Properties of 4
        buzz: false
        duck: false
 palindromic: true
      gapful: false
         spy: true
      square: true
       sunny: false
     jumping: true
        even: true
         odd: false

Enter a request: > 5

Properties of 5
        buzz: false
        duck: false
 palindromic: true
      gapful: false
         spy: true
      square: false
       sunny: false
     jumping: true
        even: false
         odd: true

Enter a request: > 6

Properties of 6
        buzz: false
        duck: false
 palindromic: true
      gapful: false
         spy: true
      square: false
       sunny: false
     jumping: true
        even: true
         odd: false

Enter a request: > 7

Properties of 7
        buzz: true
        duck: false
 palindromic: true
      gapful: false
         spy: true
      square: false
       sunny: false
     jumping: true
        even: false
         odd: true

Enter a request: > 8

Properties of 8
        buzz: false
        duck: false
 palindromic: true
      gapful: false
         spy: true
      square: false
       sunny: true
     jumping: true
        even: true
         odd: false

Enter a request: > 9

Properties of 9
        buzz: false
        duck: false
 palindromic: true
      gapful: false
         spy: true
      square: true
       sunny: false
     jumping: true
        even: false
         odd: true

Enter a request: > 10

Properties of 10
        buzz: false
        duck: true
 palindromic: false
      gapful: false
         spy: false
      square: false
       sunny: false
     jumping: true
        even: true
         odd: false

Enter a request: > 11

Properties of 11
        buzz: false
        duck: false
 palindromic: true
      gapful: false
         spy: false
      square: false
       sunny: false
     jumping: false
        even: false
         odd: true

Enter a request: > 12

Properties of 12
        buzz: false
        duck: false
 palindromic: false
      gapful: false
         spy: false
      square: false
       sunny: false
     jumping: true
        even: true
         odd: false

Enter a request: > 13

Properties of 13
        buzz: false
        duck: false
 palindromic: false
      gapful: false
         spy: false
      square: false
       sunny: false
     jumping: false
        even: false
         odd: true

Enter a request: > 14

Properties of 14
        buzz: true
        duck: false
 palindromic: false
      gapful: false
         spy: false
      square: false
       sunny: false
     jumping: false
        even: true
         odd: false

Enter a request: > 6015509069926146745

Properties of 6015509069926146745
        buzz: false
        duck: true
 palindromic: false
      gapful: false
         spy: false
      square: false
       sunny: false
     jumping: false
        even: false
         odd: true

Enter a request: > 3101615793251151970

Properties of 3101615793251151970
        buzz: false
        duck: true
 palindromic: false
      gapful: false
         spy: false
      square: false
       sunny: false
     jumping: false
        even: true
         odd: false

Enter a request: > 8240934463719783852

Properties of 8240934463719783852
        buzz: false
        duck: true
 palindromic: false
      gapful: false
         spy: false
      square: false
       sunny: false
     jumping: false
        even: true
         odd: false

Enter a request: > 5571810547793059076

Properties of 5571810547793059076
        buzz: false
        duck: true
 palindromic: false
      gapful: false
         spy: false
      square: false
       sunny: false
     jumping: false
        even: true
         odd: false

Enter a request: > 4496486510581599259

Properties of 4496486510581599259
        buzz: false
        duck: true
 palindromic: false
      gapful: false
         spy: false
      square: false
       sunny: false
     jumping: false
        even: false
         odd: true

Enter a request: > 8394939742023141796

Properties of 8394939742023141796
        buzz: false
        duck: true
 palindromic: false
      gapful: false
         spy: false
      square: false
       sunny: false
     jumping: false
        even: true
         odd: false

Enter a request: > 3965999747834410557

Properties of 3965999747834410557
        buzz: true
        duck: true
 palindromic: false
      gapful: false
         spy: false
      square: false
       sunny: false
     jumping: false
        even: false
         odd: true

Enter a request: > 2162811374310234854

Properties of 2162811374310234854
        buzz: false
        duck: true
 palindromic: false
      gapful: false
         spy: false
      square: false
       sunny: false
     jumping: false
        even: true
         odd: false

Enter a request: > 7138572591511087478

Properties of 7138572591511087478
        buzz: false
        duck: true
 palindromic: false
      gapful: false
         spy: false
      square: false
       sunny: false
     jumping: false
        even: true
         odd: false

Enter a request: > 1586091247328387738

Properties of 1586091247328387738
        buzz: false
        duck: true
 palindromic: false
      gapful: false
         spy: false
      square: false
       sunny: false
     jumping: false
        even: true
         odd: false

Enter a request: > 0

Goodbye!
?[1;31m
Start test 18?[0m
Welcome to Amazing Numbers!

Supported requests:
- enter a natural number to know its properties;
- enter two natural numbers to obtain the properties of the list:
  * the first parameter represents a starting number;
  * the second parameter shows how many consecutive numbers are to be printed;
- two natural numbers and properties to search for;
- separate the parameters with one space;
- enter 0 to exit.

Enter a request: > 1 15

              	1 is palindromic, spy, square, jumping, odd
              	2 is palindromic, spy, jumping, even
              	3 is palindromic, spy, sunny, jumping, odd
              	4 is palindromic, spy, square, jumping, even
              	5 is palindromic, spy, jumping, odd
              	6 is palindromic, spy, jumping, even
              	7 is buzz, palindromic, spy, jumping, odd
              	8 is palindromic, spy, sunny, jumping, even
              	9 is palindromic, spy, square, jumping, odd
              	10 is duck, jumping, even
              	11 is palindromic, odd
              	12 is jumping, even
              	13 is odd
              	14 is buzz, even
              	15 is sunny, odd

Enter a request: > 0

Goodbye!
?[1;31m
Start test 19?[0m
Welcome to Amazing Numbers!

Supported requests:
- enter a natural number to know its properties;
- enter two natural numbers to obtain the properties of the list:
  * the first parameter represents a starting number;
  * the second parameter shows how many consecutive numbers are to be printed;
- two natural numbers and properties to search for;
- separate the parameters with one space;
- enter 0 to exit.

Enter a request: > 3377579068240330854 12

              	3377579068240330854 is duck, even
              	3377579068240330855 is duck, odd
              	3377579068240330856 is buzz, duck, even
              	3377579068240330857 is buzz, duck, odd
              	3377579068240330858 is duck, even
              	3377579068240330859 is duck, odd
              	3377579068240330860 is duck, gapful, even
              	3377579068240330861 is duck, odd
              	3377579068240330862 is duck, even
              	3377579068240330863 is buzz, duck, odd
              	3377579068240330864 is duck, even
              	3377579068240330865 is duck, odd

Enter a request: > 0

Goodbye!
?[1;31m
Start test 20?[0m
Welcome to Amazing Numbers!

Supported requests:
- enter a natural number to know its properties;
- enter two natural numbers to obtain the properties of the list:
  * the first parameter represents a starting number;
  * the second parameter shows how many consecutive numbers are to be printed;
- two natural numbers and properties to search for;
- separate the parameters with one space;
- enter 0 to exit.

Enter a request: > 7476234439338814134 13

              	7476234439338814134 is gapful, even
              	7476234439338814135 is buzz, odd
              	7476234439338814136 is even
              	7476234439338814137 is buzz, odd
              	7476234439338814138 is even
              	7476234439338814139 is odd
              	7476234439338814140 is duck, even
              	7476234439338814141 is odd
              	7476234439338814142 is buzz, even
              	7476234439338814143 is odd
              	7476234439338814144 is even
              	7476234439338814145 is odd
              	7476234439338814146 is even

Enter a request: > 0

Goodbye!
?[1;31m
Start test 21?[0m
Welcome to Amazing Numbers!

Supported requests:
- enter a natural number to know its properties;
- enter two natural numbers to obtain the properties of the list:
  * the first parameter represents a starting number;
  * the second parameter shows how many consecutive numbers are to be printed;
- two natural numbers and properties to search for;
- separate the parameters with one space;
- enter 0 to exit.

Enter a request: > 8118057674254068724 1

              	8118057674254068724 is duck, even

Enter a request: > 0

Goodbye!
?[1;31m
Start test 22?[0m
Welcome to Amazing Numbers!

Supported requests:
- enter a natural number to know its properties;
- enter two natural numbers to obtain the properties of the list:
  * the first parameter represents a starting number;
  * the second parameter shows how many consecutive numbers are to be printed;
- two natural numbers and properties to search for;
- separate the parameters with one space;
- enter 0 to exit.

Enter a request: > 4120810339634134583 1

              	4120810339634134583 is duck, odd

Enter a request: > 0

Goodbye!
?[1;31m
Start test 23?[0m
Welcome to Amazing Numbers!

Supported requests:
- enter a natural number to know its properties;
- enter two natural numbers to obtain the properties of the list:
  * the first parameter represents a starting number;
  * the second parameter shows how many consecutive numbers are to be printed;
- two natural numbers and properties to search for;
- separate the parameters with one space;
- enter 0 to exit.

Enter a request: > 6652706586785117865 1

              	6652706586785117865 is duck, odd

Enter a request: > 0

Goodbye!
?[1;31m
Start test 24?[0m
Welcome to Amazing Numbers!

Supported requests:
- enter a natural number to know its properties;
- enter two natural numbers to obtain the properties of the list:
  * the first parameter represents a starting number;
  * the second parameter shows how many consecutive numbers are to be printed;
- two natural numbers and properties to search for;
- separate the parameters with one space;
- enter 0 to exit.

Enter a request: > 8013900480185603040 8

              	8013900480185603040 is duck, gapful, even
              	8013900480185603041 is duck, odd
              	8013900480185603042 is duck, even
              	8013900480185603043 is duck, odd
              	8013900480185603044 is duck, even
              	8013900480185603045 is buzz, duck, odd
              	8013900480185603046 is duck, even
              	8013900480185603047 is buzz, duck, odd

Enter a request: > 0

Goodbye!
?[1;31m
Start test 25?[0m
Welcome to Amazing Numbers!

Supported requests:
- enter a natural number to know its properties;
- enter two natural numbers to obtain the properties of the list:
  * the first parameter represents a starting number;
  * the second parameter shows how many consecutive numbers are to be printed;
- two natural numbers and properties to search for;
- separate the parameters with one space;
- enter 0 to exit.

Enter a request: > 7695206180246062436 16

              	7695206180246062436 is buzz, duck, even
              	7695206180246062437 is buzz, duck, odd
              	7695206180246062438 is duck, even
              	7695206180246062439 is duck, odd
              	7695206180246062440 is duck, even
              	7695206180246062441 is duck, odd
              	7695206180246062442 is duck, even
              	7695206180246062443 is buzz, duck, odd
              	7695206180246062444 is duck, even
              	7695206180246062445 is duck, odd
              	7695206180246062446 is duck, even
              	7695206180246062447 is buzz, duck, odd
              	7695206180246062448 is duck, even
              	7695206180246062449 is duck, odd
              	7695206180246062450 is buzz, duck, gapful, even
              	7695206180246062451 is duck, odd

Enter a request: > 0

Goodbye!
?[1;31m
Start test 26?[0m
Welcome to Amazing Numbers!

Supported requests:
- enter a natural number to know its properties;
- enter two natural numbers to obtain the properties of the list:
  * the first parameter represents a starting number;
  * the second parameter shows how many consecutive numbers are to be printed;
- two natural numbers and properties to search for;
- separate the parameters with one space;
- enter 0 to exit.

Enter a request: > 7982813160695247516 11

              	7982813160695247516 is duck, even
              	7982813160695247517 is buzz, duck, odd
              	7982813160695247518 is buzz, duck, even
              	7982813160695247519 is duck, odd
              	7982813160695247520 is duck, even
              	7982813160695247521 is duck, odd
              	7982813160695247522 is duck, even
              	7982813160695247523 is duck, odd
              	7982813160695247524 is duck, even
              	7982813160695247525 is buzz, duck, gapful, odd
              	7982813160695247526 is duck, even

Enter a request: > 0

Goodbye!
?[1;31m
Start test 27?[0m
Welcome to Amazing Numbers!

Supported requests:
- enter a natural number to know its properties;
- enter two natural numbers to obtain the properties of the list:
  * the first parameter represents a starting number;
  * the second parameter shows how many consecutive numbers are to be printed;
- two natural numbers and properties to search for;
- separate the parameters with one space;
- enter 0 to exit.

Enter a request: > 4687387969628901193 1

              	4687387969628901193 is duck, odd

Enter a request: > 0

Goodbye!
?[1;31m
Start test 28?[0m
Welcome to Amazing Numbers!

Supported requests:
- enter a natural number to know its properties;
- enter two natural numbers to obtain the properties of the list:
  * the first parameter represents a starting number;
  * the second parameter shows how many consecutive numbers are to be printed;
- two natural numbers and properties to search for;
- separate the parameters with one space;
- enter 0 to exit.

Enter a request: > 6549148274205399758 20

              	6549148274205399758 is buzz, duck, even
              	6549148274205399759 is duck, odd
              	6549148274205399760 is duck, even
              	6549148274205399761 is duck, odd
              	6549148274205399762 is duck, even
              	6549148274205399763 is duck, odd
              	6549148274205399764 is duck, even
              	6549148274205399765 is buzz, duck, odd
              	6549148274205399766 is duck, even
              	6549148274205399767 is buzz, duck, odd
              	6549148274205399768 is duck, even
              	6549148274205399769 is duck, odd
              	6549148274205399770 is duck, even
              	6549148274205399771 is duck, odd
              	6549148274205399772 is buzz, duck, even
              	6549148274205399773 is duck, odd
              	6549148274205399774 is duck, even
              	6549148274205399775 is duck, odd
              	6549148274205399776 is duck, even
              	6549148274205399777 is buzz, duck, odd

Enter a request: > 0

Goodbye!
?[1;31m
Start test 29?[0m
Welcome to Amazing Numbers!

Supported requests:
- enter a natural number to know its properties;
- enter two natural numbers to obtain the properties of the list:
  * the first parameter represents a starting number;
  * the second parameter shows how many consecutive numbers are to be printed;
- two natural numbers and properties to search for;
- separate the parameters with one space;
- enter 0 to exit.

Enter a request: > 1 10 May

The property [MAY] is wrong.

Available properties: [SQUARE, JUMPING, EVEN, DUCK, GAPFUL, SUNNY, BUZZ, SPY, ODD, PALINDROMIC]

Enter a request: > 0

Goodbye!
?[1;31m
Start test 30?[0m
Welcome to Amazing Numbers!

Supported requests:
- enter a natural number to know its properties;
- enter two natural numbers to obtain the properties of the list:
  * the first parameter represents a starting number;
  * the second parameter shows how many consecutive numbers are to be printed;
- two natural numbers and properties to search for;
- separate the parameters with one space;
- enter 0 to exit.

Enter a request: > 40 2 bay

The property [BAY] is wrong.

Available properties: [SQUARE, JUMPING, EVEN, DUCK, GAPFUL, SUNNY, BUZZ, SPY, ODD, PALINDROMIC]

Enter a request: > 0

Goodbye!
?[1;31m
Start test 31?[0m
Welcome to Amazing Numbers!

Supported requests:
- enter a natural number to know its properties;
- enter two natural numbers to obtain the properties of the list:
  * the first parameter represents a starting number;
  * the second parameter shows how many consecutive numbers are to be printed;
- two natural numbers and properties to search for;
- separate the parameters with one space;
- enter 0 to exit.

Enter a request: > 37 4 8

The property [8] is wrong.

Available properties: [SQUARE, JUMPING, EVEN, DUCK, GAPFUL, SUNNY, BUZZ, SPY, ODD, PALINDROMIC]

Enter a request: > 0

Goodbye!
?[1;31m
Start test 32?[0m
Welcome to Amazing Numbers!

Supported requests:
- enter a natural number to know its properties;
- enter two natural numbers to obtain the properties of the list:
  * the first parameter represents a starting number;
  * the second parameter shows how many consecutive numbers are to be printed;
- two natural numbers and properties to search for;
- separate the parameters with one space;
- enter 0 to exit.

Enter a request: > 67 2 day

The property [DAY] is wrong.

Available properties: [SQUARE, JUMPING, EVEN, DUCK, GAPFUL, SUNNY, BUZZ, SPY, ODD, PALINDROMIC]

Enter a request: > 0

Goodbye!
?[1;31m
Start test 33?[0m
Welcome to Amazing Numbers!

Supported requests:
- enter a natural number to know its properties;
- enter two natural numbers to obtain the properties of the list:
  * the first parameter represents a starting number;
  * the second parameter shows how many consecutive numbers are to be printed;
- two natural numbers and properties to search for;
- separate the parameters with one space;
- enter 0 to exit.

Enter a request: > 2 54 Prime

The property [PRIME] is wrong.

Available properties: [SQUARE, JUMPING, EVEN, DUCK, GAPFUL, SUNNY, BUZZ, SPY, ODD, PALINDROMIC]

Enter a request: > 0

Goodbye!
?[1;31m
Start test 34?[0m
Welcome to Amazing Numbers!

Supported requests:
- enter a natural number to know its properties;
- enter two natural numbers to obtain the properties of the list:
  * the first parameter represents a starting number;
  * the second parameter shows how many consecutive numbers are to be printed;
- two natural numbers and properties to search for;
- separate the parameters with one space;
- enter 0 to exit.

Enter a request: > 6 8 ...

The property [...] is wrong.

Available properties: [SQUARE, JUMPING, EVEN, DUCK, GAPFUL, SUNNY, BUZZ, SPY, ODD, PALINDROMIC]

Enter a request: > 0

Goodbye!
?[1;31m
Start test 35?[0m
Welcome to Amazing Numbers!

Supported requests:
- enter a natural number to know its properties;
- enter two natural numbers to obtain the properties of the list:
  * the first parameter represents a starting number;
  * the second parameter shows how many consecutive numbers are to be printed;
- two natural numbers and properties to search for;
- separate the parameters with one space;
- enter 0 to exit.

Enter a request: > 5 9 none

The property [NONE] is wrong.

Available properties: [SQUARE, JUMPING, EVEN, DUCK, GAPFUL, SUNNY, BUZZ, SPY, ODD, PALINDROMIC]

Enter a request: > 0

Goodbye!
?[1;31m
Start test 36?[0m
Welcome to Amazing Numbers!

Supported requests:
- enter a natural number to know its properties;
- enter two natural numbers to obtain the properties of the list:
  * the first parameter represents a starting number;
  * the second parameter shows how many consecutive numbers are to be printed;
- two natural numbers and properties to search for;
- separate the parameters with one space;
- enter 0 to exit.

Enter a request: > 1 10 BUZZ

              	7 is buzz, palindromic, spy, jumping, odd
              	14 is buzz, even
              	17 is buzz, odd
              	21 is buzz, jumping, odd
              	27 is buzz, odd
              	28 is buzz, even
              	35 is buzz, sunny, odd
              	37 is buzz, odd
              	42 is buzz, even
              	47 is buzz, odd

Enter a request: > 1 10 DUCK

              	10 is duck, jumping, even
              	20 is duck, even
              	30 is duck, even
              	40 is duck, even
              	50 is duck, even
              	60 is duck, even
              	70 is buzz, duck, even
              	80 is duck, sunny, even
              	90 is duck, even
              	100 is duck, gapful, square, even

Enter a request: > 1 10 PALINDROMIC

              	1 is palindromic, spy, square, jumping, odd
              	2 is palindromic, spy, jumping, even
              	3 is palindromic, spy, sunny, jumping, odd
              	4 is palindromic, spy, square, jumping, even
              	5 is palindromic, spy, jumping, odd
              	6 is palindromic, spy, jumping, even
              	7 is buzz, palindromic, spy, jumping, odd
              	8 is palindromic, spy, sunny, jumping, even
              	9 is palindromic, spy, square, jumping, odd
              	11 is palindromic, odd

Enter a request: > 1 10 GAPFUL

              	100 is duck, gapful, square, even
              	105 is buzz, duck, gapful, odd
              	108 is duck, gapful, even
              	110 is duck, gapful, even
              	120 is duck, gapful, sunny, even
              	121 is palindromic, gapful, square, jumping, odd
              	130 is duck, gapful, even
              	132 is gapful, spy, even
              	135 is gapful, odd
              	140 is buzz, duck, gapful, even

Enter a request: > 1 10 SPY

              	1 is palindromic, spy, square, jumping, odd
              	2 is palindromic, spy, jumping, even
              	3 is palindromic, spy, sunny, jumping, odd
              	4 is palindromic, spy, square, jumping, even
              	5 is palindromic, spy, jumping, odd
              	6 is palindromic, spy, jumping, even
              	7 is buzz, palindromic, spy, jumping, odd
              	8 is palindromic, spy, sunny, jumping, even
              	9 is palindromic, spy, square, jumping, odd
              	22 is palindromic, spy, even

Enter a request: > 1 10 SQUARE

              	1 is palindromic, spy, square, jumping, odd
              	4 is palindromic, spy, square, jumping, even
              	9 is palindromic, spy, square, jumping, odd
              	16 is square, even
              	25 is square, odd
              	36 is square, even
              	49 is buzz, square, odd
              	64 is square, even
              	81 is square, odd
              	100 is duck, gapful, square, even

Enter a request: > 1 10 SUNNY

              	3 is palindromic, spy, sunny, jumping, odd
              	8 is palindromic, spy, sunny, jumping, even
              	15 is sunny, odd
              	24 is sunny, even
              	35 is buzz, sunny, odd
              	48 is sunny, even
              	63 is buzz, sunny, odd
              	80 is duck, sunny, even
              	99 is palindromic, sunny, odd
              	120 is duck, gapful, sunny, even

Enter a request: > 1 10 JUMPING

              	1 is palindromic, spy, square, jumping, odd
              	2 is palindromic, spy, jumping, even
              	3 is palindromic, spy, sunny, jumping, odd
              	4 is palindromic, spy, square, jumping, even
              	5 is palindromic, spy, jumping, odd
              	6 is palindromic, spy, jumping, even
              	7 is buzz, palindromic, spy, jumping, odd
              	8 is palindromic, spy, sunny, jumping, even
              	9 is palindromic, spy, square, jumping, odd
              	10 is duck, jumping, even

Enter a request: > 1 10 EVEN

              	2 is palindromic, spy, jumping, even
              	4 is palindromic, spy, square, jumping, even
              	6 is palindromic, spy, jumping, even
              	8 is palindromic, spy, sunny, jumping, even
              	10 is duck, jumping, even
              	12 is jumping, even
              	14 is buzz, even
              	16 is square, even
              	18 is even
              	20 is duck, even

Enter a request: > 1 10 ODD

              	1 is palindromic, spy, square, jumping, odd
              	3 is palindromic, spy, sunny, jumping, odd
              	5 is palindromic, spy, jumping, odd
              	7 is buzz, palindromic, spy, jumping, odd
              	9 is palindromic, spy, square, jumping, odd
              	11 is palindromic, odd
              	13 is odd
              	15 is sunny, odd
              	17 is buzz, odd
              	19 is odd

Enter a request: > 0

Goodbye!
?[1;31m
Start test 37?[0m
Welcome to Amazing Numbers!

Supported requests:
- enter a natural number to know its properties;
- enter two natural numbers to obtain the properties of the list:
  * the first parameter represents a starting number;
  * the second parameter shows how many consecutive numbers are to be printed;
- two natural numbers and properties to search for;
- separate the parameters with one space;
- enter 0 to exit.

Enter a request: > 30144 9 EVEN

              	30144 is duck, even
              	30146 is duck, even
              	30148 is duck, even
              	30150 is duck, gapful, even
              	30152 is duck, even
              	30154 is duck, even
              	30156 is buzz, duck, even
              	30158 is duck, even
              	30160 is duck, even

Enter a request: > 0

Goodbye!
?[1;31m
Start test 38?[0m
Welcome to Amazing Numbers!

Supported requests:
- enter a natural number to know its properties;
- enter two natural numbers to obtain the properties of the list:
  * the first parameter represents a starting number;
  * the second parameter shows how many consecutive numbers are to be printed;
- two natural numbers and properties to search for;
- separate the parameters with one space;
- enter 0 to exit.

Enter a request: > 18362 18 GAPFUL

              	18370 is duck, gapful, even
              	18372 is gapful, even
              	18375 is buzz, gapful, odd
              	18377 is buzz, gapful, odd
              	18378 is gapful, even
              	18380 is duck, gapful, even
              	18381 is palindromic, gapful, odd
              	18390 is duck, gapful, even
              	18400 is duck, gapful, even
              	18405 is duck, gapful, odd
              	18410 is buzz, duck, gapful, even
              	18416 is gapful, even
              	18420 is duck, gapful, even
              	18424 is buzz, gapful, even
              	18430 is duck, gapful, even
              	18432 is gapful, even
              	18435 is gapful, odd
              	18440 is duck, gapful, even

Enter a request: > 0

Goodbye!
?[1;31m
Start test 39?[0m
Welcome to Amazing Numbers!

Supported requests:
- enter a natural number to know its properties;
- enter two natural numbers to obtain the properties of the list:
  * the first parameter represents a starting number;
  * the second parameter shows how many consecutive numbers are to be printed;
- two natural numbers and properties to search for;
- separate the parameters with one space;
- enter 0 to exit.

Enter a request: > 53 6 GAPFUL

              	100 is duck, gapful, square, even
              	105 is buzz, duck, gapful, odd
              	108 is duck, gapful, even
              	110 is duck, gapful, even
              	120 is duck, gapful, sunny, even
              	121 is palindromic, gapful, square, jumping, odd

Enter a request: > 0

Goodbye!
?[1;31m
Start test 40?[0m
Welcome to Amazing Numbers!

Supported requests:
- enter a natural number to know its properties;
- enter two natural numbers to obtain the properties of the list:
  * the first parameter represents a starting number;
  * the second parameter shows how many consecutive numbers are to be printed;
- two natural numbers and properties to search for;
- separate the parameters with one space;
- enter 0 to exit.

Enter a request: > 26572 9 SQUARE

              	26896 is square, even
              	27225 is gapful, square, odd
              	27556 is square, even
              	27889 is square, odd
              	28224 is buzz, gapful, square, even
              	28561 is square, odd
              	28900 is duck, gapful, square, even
              	29241 is square, odd
              	29584 is square, even

Enter a request: > 0

Goodbye!
?[1;31m
Start test 41?[0m
Welcome to Amazing Numbers!

Supported requests:
- enter a natural number to know its properties;
- enter two natural numbers to obtain the properties of the list:
  * the first parameter represents a starting number;
  * the second parameter shows how many consecutive numbers are to be printed;
- two natural numbers and properties to search for;
- separate the parameters with one space;
- enter 0 to exit.

Enter a request: > 13513 14 BUZZ

              	13517 is buzz, odd
              	13524 is buzz, gapful, even
              	13527 is buzz, odd
              	13531 is buzz, palindromic, odd
              	13537 is buzz, odd
              	13538 is buzz, even
              	13545 is buzz, gapful, odd
              	13547 is buzz, odd
              	13552 is buzz, even
              	13557 is buzz, odd
              	13559 is buzz, odd
              	13566 is buzz, even
              	13567 is buzz, odd
              	13573 is buzz, odd

Enter a request: > 0

Goodbye!
?[1;31m
Start test 42?[0m
Welcome to Amazing Numbers!

Supported requests:
- enter a natural number to know its properties;
- enter two natural numbers to obtain the properties of the list:
  * the first parameter represents a starting number;
  * the second parameter shows how many consecutive numbers are to be printed;
- two natural numbers and properties to search for;
- separate the parameters with one space;
- enter 0 to exit.

Enter a request: > 18620 2 SQUARE

              	18769 is square, odd
              	19044 is duck, square, even

Enter a request: > 0

Goodbye!
?[1;31m
Start test 43?[0m
Welcome to Amazing Numbers!

Supported requests:
- enter a natural number to know its properties;
- enter two natural numbers to obtain the properties of the list:
  * the first parameter represents a starting number;
  * the second parameter shows how many consecutive numbers are to be printed;
- two natural numbers and properties to search for;
- separate the parameters with one space;
- enter 0 to exit.

Enter a request: > 2329 13 SUNNY

              	2400 is duck, gapful, sunny, even
              	2499 is buzz, sunny, odd
              	2600 is duck, gapful, sunny, even
              	2703 is duck, sunny, odd
              	2808 is duck, sunny, even
              	2915 is sunny, odd
              	3024 is buzz, duck, sunny, even
              	3135 is sunny, odd
              	3248 is buzz, sunny, even
              	3363 is sunny, odd
              	3480 is duck, gapful, sunny, even
              	3599 is sunny, odd
              	3720 is duck, gapful, sunny, even

Enter a request: > 0

Goodbye!
?[1;31m
Start test 44?[0m
Welcome to Amazing Numbers!

Supported requests:
- enter a natural number to know its properties;
- enter two natural numbers to obtain the properties of the list:
  * the first parameter represents a starting number;
  * the second parameter shows how many consecutive numbers are to be printed;
- two natural numbers and properties to search for;
- separate the parameters with one space;
- enter 0 to exit.

Enter a request: > 17840 3 SPY

              	21115 is spy, odd
              	21122 is spy, even
              	21151 is spy, odd

Enter a request: > 0

Goodbye!
?[1;31m
Start test 45?[0m
Welcome to Amazing Numbers!

Supported requests:
- enter a natural number to know its properties;
- enter two natural numbers to obtain the properties of the list:
  * the first parameter represents a starting number;
  * the second parameter shows how many consecutive numbers are to be printed;
- two natural numbers and properties to search for;
- separate the parameters with one space;
- enter 0 to exit.

Enter a request: > 18685 6 SPY

              	21115 is spy, odd
              	21122 is spy, even
              	21151 is spy, odd
              	21212 is palindromic, spy, jumping, even
              	21221 is spy, odd
              	21511 is buzz, spy, odd

Enter a request: > 0

Goodbye!
?[1;31m
Start test 46?[0m
Welcome to Amazing Numbers!

Supported requests:
- enter a natural number to know its properties;
- enter two natural numbers to obtain the properties of the list:
  * the first parameter represents a starting number;
  * the second parameter shows how many consecutive numbers are to be printed;
- two natural numbers and properties to search for;
- separate the parameters with one space;
- enter 0 to exit.

Enter a request: > 4623 2 JUMPING

              	5432 is buzz, jumping, even
              	5434 is jumping, even

Enter a request: > 0

Goodbye!
?[1;31m
Start test 47?[0m
Welcome to Amazing Numbers!

Supported requests:
- enter a natural number to know its properties;
- enter two natural numbers to obtain the properties of the list:
  * the first parameter represents a starting number;
  * the second parameter shows how many consecutive numbers are to be printed;
- two natural numbers and properties to search for;
- separate the parameters with one space;
- enter 0 to exit.

Enter a request: > 1 10 odd girl

The property [GIRL] is wrong.

Available properties: [SQUARE, JUMPING, EVEN, DUCK, GAPFUL, SUNNY, BUZZ, SPY, ODD, PALINDROMIC]

Enter a request: > 0

Goodbye!
?[1;31m
Start test 48?[0m
Welcome to Amazing Numbers!

Supported requests:
- enter a natural number to know its properties;
- enter two natural numbers to obtain the properties of the list:
  * the first parameter represents a starting number;
  * the second parameter shows how many consecutive numbers are to be printed;
- two natural numbers and properties to search for;
- separate the parameters with one space;
- enter 0 to exit.

Enter a request: > 40 2 even day

The property [DAY] is wrong.

Available properties: [SQUARE, JUMPING, EVEN, DUCK, GAPFUL, SUNNY, BUZZ, SPY, ODD, PALINDROMIC]

Enter a request: > 0

Goodbye!
?[1;31m
Start test 49?[0m
Welcome to Amazing Numbers!

Supported requests:
- enter a natural number to know its properties;
- enter two natural numbers to obtain the properties of the list:
  * the first parameter represents a starting number;
  * the second parameter shows how many consecutive numbers are to be printed;
- two natural numbers and properties to search for;
- separate the parameters with one space;
- enter 0 to exit.

Enter a request: > 37 4 spy 89

The property [89] is wrong.

Available properties: [SQUARE, JUMPING, EVEN, DUCK, GAPFUL, SUNNY, BUZZ, SPY, ODD, PALINDROMIC]

Enter a request: > 0

Goodbye!
?[1;31m
Start test 50?[0m
Welcome to Amazing Numbers!

Supported requests:
- enter a natural number to know its properties;
- enter two natural numbers to obtain the properties of the list:
  * the first parameter represents a starting number;
  * the second parameter shows how many consecutive numbers are to be printed;
- two natural numbers and properties to search for;
- separate the parameters with one space;
- enter 0 to exit.

Enter a request: > 67 2 DUCK +

The property [+] is wrong.

Available properties: [SQUARE, JUMPING, EVEN, DUCK, GAPFUL, SUNNY, BUZZ, SPY, ODD, PALINDROMIC]

Enter a request: > 0

Goodbye!
?[1;31m
Start test 51?[0m
Welcome to Amazing Numbers!

Supported requests:
- enter a natural number to know its properties;
- enter two natural numbers to obtain the properties of the list:
  * the first parameter represents a starting number;
  * the second parameter shows how many consecutive numbers are to be printed;
- two natural numbers and properties to search for;
- separate the parameters with one space;
- enter 0 to exit.

Enter a request: > 1 10 boy friend

The properties [BOY, FRIEND] are wrong.

Available properties: [SQUARE, JUMPING, EVEN, DUCK, GAPFUL, SUNNY, BUZZ, SPY, ODD, PALINDROMIC]

Enter a request: > 0

Goodbye!
?[1;31m
Start test 52?[0m
Welcome to Amazing Numbers!

Supported requests:
- enter a natural number to know its properties;
- enter two natural numbers to obtain the properties of the list:
  * the first parameter represents a starting number;
  * the second parameter shows how many consecutive numbers are to be printed;
- two natural numbers and properties to search for;
- separate the parameters with one space;
- enter 0 to exit.

Enter a request: > 40 2 long day

The properties [LONG, DAY] are wrong.

Available properties: [SQUARE, JUMPING, EVEN, DUCK, GAPFUL, SUNNY, BUZZ, SPY, ODD, PALINDROMIC]

Enter a request: > 0

Goodbye!
?[1;31m
Start test 53?[0m
Welcome to Amazing Numbers!

Supported requests:
- enter a natural number to know its properties;
- enter two natural numbers to obtain the properties of the list:
  * the first parameter represents a starting number;
  * the second parameter shows how many consecutive numbers are to be printed;
- two natural numbers and properties to search for;
- separate the parameters with one space;
- enter 0 to exit.

Enter a request: > 37 4 hot girl

The properties [HOT, GIRL] are wrong.

Available properties: [SQUARE, JUMPING, EVEN, DUCK, GAPFUL, SUNNY, BUZZ, SPY, ODD, PALINDROMIC]

Enter a request: > 0

Goodbye!
?[1;31m
Start test 54?[0m
Welcome to Amazing Numbers!

Supported requests:
- enter a natural number to know its properties;
- enter two natural numbers to obtain the properties of the list:
  * the first parameter represents a starting number;
  * the second parameter shows how many consecutive numbers are to be printed;
- two natural numbers and properties to search for;
- separate the parameters with one space;
- enter 0 to exit.

Enter a request: > 67 2 strong drake

The properties [STRONG, DRAKE] are wrong.

Available properties: [SQUARE, JUMPING, EVEN, DUCK, GAPFUL, SUNNY, BUZZ, SPY, ODD, PALINDROMIC]

Enter a request: > 0

Goodbye!
?[1;31m
Start test 55?[0m
Welcome to Amazing Numbers!

Supported requests:
- enter a natural number to know its properties;
- enter two natural numbers to obtain the properties of the list:
  * the first parameter represents a starting number;
  * the second parameter shows how many consecutive numbers are to be printed;
- two natural numbers and properties to search for;
- separate the parameters with one space;
- enter 0 to exit.

Enter a request: > 1 7 odd spy palindromic

              	1 is palindromic, spy, square, jumping, odd
              	3 is palindromic, spy, sunny, jumping, odd
              	5 is palindromic, spy, jumping, odd
              	7 is buzz, palindromic, spy, jumping, odd
              	9 is palindromic, spy, square, jumping, odd
              	12221 is palindromic, gapful, spy, odd
              	13131 is palindromic, spy, odd

Enter a request: > 0

Goodbye!
?[1;31m
Start test 56?[0m
Welcome to Amazing Numbers!

Supported requests:
- enter a natural number to know its properties;
- enter two natural numbers to obtain the properties of the list:
  * the first parameter represents a starting number;
  * the second parameter shows how many consecutive numbers are to be printed;
- two natural numbers and properties to search for;
- separate the parameters with one space;
- enter 0 to exit.

Enter a request: > 1 10 even palindromic duck buzz

              	2002 is buzz, duck, palindromic, gapful, even
              	4004 is buzz, duck, palindromic, gapful, even
              	6006 is buzz, duck, palindromic, gapful, even
              	8008 is buzz, duck, palindromic, gapful, even
              	20202 is buzz, duck, palindromic, even
              	20902 is buzz, duck, palindromic, even
              	22022 is buzz, duck, palindromic, gapful, even
              	29092 is buzz, duck, palindromic, even
              	40404 is buzz, duck, palindromic, even
              	44044 is buzz, duck, palindromic, gapful, even

Enter a request: > 0

Goodbye!
?[1;31m
Start test 57?[0m
Welcome to Amazing Numbers!

Supported requests:
- enter a natural number to know its properties;
- enter two natural numbers to obtain the properties of the list:
  * the first parameter represents a starting number;
  * the second parameter shows how many consecutive numbers are to be printed;
- two natural numbers and properties to search for;
- separate the parameters with one space;
- enter 0 to exit.

Enter a request: > 1 9 even palindromic duck buzz gapful

              	2002 is buzz, duck, palindromic, gapful, even
              	4004 is buzz, duck, palindromic, gapful, even
              	6006 is buzz, duck, palindromic, gapful, even
              	8008 is buzz, duck, palindromic, gapful, even
              	22022 is buzz, duck, palindromic, gapful, even
              	44044 is buzz, duck, palindromic, gapful, even
              	66066 is buzz, duck, palindromic, gapful, even
              	88088 is buzz, duck, palindromic, gapful, even
              	202202 is buzz, duck, palindromic, gapful, even

Enter a request: > 0

Goodbye!
?[1;31m
Start test 58?[0m
Welcome to Amazing Numbers!

Supported requests:
- enter a natural number to know its properties;
- enter two natural numbers to obtain the properties of the list:
  * the first parameter represents a starting number;
  * the second parameter shows how many consecutive numbers are to be printed;
- two natural numbers and properties to search for;
- separate the parameters with one space;
- enter 0 to exit.

Enter a request: > 1 10 even sunny duck buzz gapful

              	1680 is buzz, duck, gapful, sunny, even
              	4760 is buzz, duck, gapful, sunny, even
              	9408 is buzz, duck, gapful, sunny, even
              	12320 is buzz, duck, gapful, sunny, even
              	19320 is buzz, duck, gapful, sunny, even
              	19880 is buzz, duck, gapful, sunny, even
              	23408 is buzz, duck, gapful, sunny, even
              	24024 is buzz, duck, gapful, sunny, even
              	28560 is buzz, duck, gapful, sunny, even
              	32760 is buzz, duck, gapful, sunny, even

Enter a request: > 0

Goodbye!
?[1;31m
Start test 59?[0m
Welcome to Amazing Numbers!

Supported requests:
- enter a natural number to know its properties;
- enter two natural numbers to obtain the properties of the list:
  * the first parameter represents a starting number;
  * the second parameter shows how many consecutive numbers are to be printed;
- two natural numbers and properties to search for;
- separate the parameters with one space;
- enter 0 to exit.

Enter a request: > 100000 2 even spy buzz gapful

              	111216 is buzz, gapful, spy, even
              	161112 is buzz, gapful, spy, even

Enter a request: > 0

Goodbye!
?[1;31m
Start test 60?[0m
Welcome to Amazing Numbers!

Supported requests:
- enter a natural number to know its properties;
- enter two natural numbers to obtain the properties of the list:
  * the first parameter represents a starting number;
  * the second parameter shows how many consecutive numbers are to be printed;
- two natural numbers and properties to search for;
- separate the parameters with one space;
- enter 0 to exit.

Enter a request: > 100 4 odd spy gapful

              	231 is buzz, gapful, spy, odd
              	12221 is palindromic, gapful, spy, odd
              	216111 is buzz, gapful, spy, odd
              	1111341 is buzz, gapful, spy, odd

Enter a request: > 0

Goodbye!
?[1;31m
Start test 61?[0m
Welcome to Amazing Numbers!

Supported requests:
- enter a natural number to know its properties;
- enter two natural numbers to obtain the properties of the list:
  * the first parameter represents a starting number;
  * the second parameter shows how many consecutive numbers are to be printed;
- two natural numbers and properties to search for;
- separate the parameters with one space;
- enter 0 to exit.

Enter a request: > 2000 4 even palindromic duck

              	2002 is buzz, duck, palindromic, gapful, even
              	4004 is buzz, duck, palindromic, gapful, even
              	6006 is buzz, duck, palindromic, gapful, even
              	8008 is buzz, duck, palindromic, gapful, even

Enter a request: > 0

Goodbye!
?[1;31m
Start test 62?[0m
Welcome to Amazing Numbers!

Supported requests:
- enter a natural number to know its properties;
- enter two natural numbers to obtain the properties of the list:
  * the first parameter represents a starting number;
  * the second parameter shows how many consecutive numbers are to be printed;
- two natural numbers and properties to search for;
- separate the parameters with one space;
- enter 0 to exit.

Enter a request: > 1 7 even spy

              	2 is palindromic, spy, jumping, even
              	4 is palindromic, spy, square, jumping, even
              	6 is palindromic, spy, jumping, even
              	8 is palindromic, spy, sunny, jumping, even
              	22 is palindromic, spy, even
              	132 is gapful, spy, even
              	312 is spy, even

Enter a request: > 0

Goodbye!
?[1;31m
Start test 63?[0m
Welcome to Amazing Numbers!

Supported requests:
- enter a natural number to know its properties;
- enter two natural numbers to obtain the properties of the list:
  * the first parameter represents a starting number;
  * the second parameter shows how many consecutive numbers are to be printed;
- two natural numbers and properties to search for;
- separate the parameters with one space;
- enter 0 to exit.

Enter a request: > 1 10 odd buzz

              	7 is buzz, palindromic, spy, jumping, odd
              	17 is buzz, odd
              	21 is buzz, jumping, odd
              	27 is buzz, odd
              	35 is buzz, sunny, odd
              	37 is buzz, odd
              	47 is buzz, odd
              	49 is buzz, square, odd
              	57 is buzz, odd
              	63 is buzz, sunny, odd

Enter a request: > 0

Goodbye!
?[1;31m
Start test 64?[0m
Welcome to Amazing Numbers!

Supported requests:
- enter a natural number to know its properties;
- enter two natural numbers to obtain the properties of the list:
  * the first parameter represents a starting number;
  * the second parameter shows how many consecutive numbers are to be printed;
- two natural numbers and properties to search for;
- separate the parameters with one space;
- enter 0 to exit.

Enter a request: > 1 9 buzz gapful

              	105 is buzz, duck, gapful, odd
              	140 is buzz, duck, gapful, even
              	154 is buzz, gapful, even
              	187 is buzz, gapful, odd
              	231 is buzz, gapful, spy, odd
              	280 is buzz, duck, gapful, even
              	297 is buzz, gapful, odd
              	315 is buzz, gapful, odd
              	385 is buzz, gapful, odd

Enter a request: > 0

Goodbye!
?[1;31m
Start test 65?[0m
Welcome to Amazing Numbers!

Supported requests:
- enter a natural number to know its properties;
- enter two natural numbers to obtain the properties of the list:
  * the first parameter represents a starting number;
  * the second parameter shows how many consecutive numbers are to be printed;
- two natural numbers and properties to search for;
- separate the parameters with one space;
- enter 0 to exit.

Enter a request: > 1 10 spy buzz

              	7 is buzz, palindromic, spy, jumping, odd
              	231 is buzz, gapful, spy, odd
              	1421 is buzz, spy, odd
              	2114 is buzz, spy, even
              	15211 is buzz, spy, odd
              	21511 is buzz, spy, odd
              	22211 is buzz, spy, odd
              	31311 is buzz, spy, odd
              	51121 is buzz, spy, odd
              	111216 is buzz, gapful, spy, even

Enter a request: > 0

Goodbye!
?[1;31m
Start test 66?[0m
Welcome to Amazing Numbers!

Supported requests:
- enter a natural number to know its properties;
- enter two natural numbers to obtain the properties of the list:
  * the first parameter represents a starting number;
  * the second parameter shows how many consecutive numbers are to be printed;
- two natural numbers and properties to search for;
- separate the parameters with one space;
- enter 0 to exit.

Enter a request: > 100000 2 even spy

              	111126 is spy, even
              	111162 is spy, even

Enter a request: > 0

Goodbye!
?[1;31m
Start test 67?[0m
Welcome to Amazing Numbers!

Supported requests:
- enter a natural number to know its properties;
- enter two natural numbers to obtain the properties of the list:
  * the first parameter represents a starting number;
  * the second parameter shows how many consecutive numbers are to be printed;
- two natural numbers and properties to search for;
- separate the parameters with one space;
- enter 0 to exit.

Enter a request: > 100 4 odd gapful

              	105 is buzz, duck, gapful, odd
              	121 is palindromic, gapful, square, jumping, odd
              	135 is gapful, odd
              	143 is gapful, sunny, odd

Enter a request: > 0

Goodbye!
?[1;31m
Start test 68?[0m
Welcome to Amazing Numbers!

Supported requests:
- enter a natural number to know its properties;
- enter two natural numbers to obtain the properties of the list:
  * the first parameter represents a starting number;
  * the second parameter shows how many consecutive numbers are to be printed;
- two natural numbers and properties to search for;
- separate the parameters with one space;
- enter 0 to exit.

Enter a request: > 2000 4 palindromic duck

              	2002 is buzz, duck, palindromic, gapful, even
              	3003 is buzz, duck, palindromic, gapful, odd
              	4004 is buzz, duck, palindromic, gapful, even
              	5005 is buzz, duck, palindromic, gapful, odd

Enter a request: > 0

Goodbye!
?[1;31m
Start test 69?[0m
Welcome to Amazing Numbers!

Supported requests:
- enter a natural number to know its properties;
- enter two natural numbers to obtain the properties of the list:
  * the first parameter represents a starting number;
  * the second parameter shows how many consecutive numbers are to be printed;
- two natural numbers and properties to search for;
- separate the parameters with one space;
- enter 0 to exit.

Enter a request: > 11370 5 drake

The property [DRAKE] is wrong.

Available properties: [SQUARE, JUMPING, EVEN, DUCK, GAPFUL, SUNNY, BUZZ, SPY, ODD, PALINDROMIC]

Enter a request: > 0

Goodbye!
?[1;31m
Start test 70?[0m
Welcome to Amazing Numbers!

Supported requests:
- enter a natural number to know its properties;
- enter two natural numbers to obtain the properties of the list:
  * the first parameter represents a starting number;
  * the second parameter shows how many consecutive numbers are to be printed;
- two natural numbers and properties to search for;
- separate the parameters with one space;
- enter 0 to exit.

Enter a request: > 31969 1 bAY SPY

The property [BAY] is wrong.

Available properties: [SQUARE, JUMPING, EVEN, DUCK, GAPFUL, SUNNY, BUZZ, SPY, ODD, PALINDROMIC]

Enter a request: > 0

Goodbye!
?[1;31m
Start test 71?[0m
Welcome to Amazing Numbers!

Supported requests:
- enter a natural number to know its properties;
- enter two natural numbers to obtain the properties of the list:
  * the first parameter represents a starting number;
  * the second parameter shows how many consecutive numbers are to be printed;
- two natural numbers and properties to search for;
- separate the parameters with one space;
- enter 0 to exit.

Enter a request: > 3085 16 reverse

The property [REVERSE] is wrong.

Available properties: [SQUARE, JUMPING, EVEN, DUCK, GAPFUL, SUNNY, BUZZ, SPY, ODD, PALINDROMIC]

Enter a request: > 0

Goodbye!
?[1;31m
Start test 72?[0m
Welcome to Amazing Numbers!

Supported requests:
- enter a natural number to know its properties;
- enter two natural numbers to obtain the properties of the list:
  * the first parameter represents a starting number;
  * the second parameter shows how many consecutive numbers are to be printed;
- two natural numbers and properties to search for;
- separate the parameters with one space;
- enter 0 to exit.

Enter a request: > 26861 10 GAPFUL gipful

The property [GIPFUL] is wrong.

Available properties: [SQUARE, JUMPING, EVEN, DUCK, GAPFUL, SUNNY, BUZZ, SPY, ODD, PALINDROMIC]

Enter a request: > 0

Goodbye!
?[1;31m
Start test 73?[0m
Welcome to Amazing Numbers!

Supported requests:
- enter a natural number to know its properties;
- enter two natural numbers to obtain the properties of the list:
  * the first parameter represents a starting number;
  * the second parameter shows how many consecutive numbers are to be printed;
- two natural numbers and properties to search for;
- separate the parameters with one space;
- enter 0 to exit.

Enter a request: > 14385 14 BUZZ GAPFUL SUNNY reverse

The property [REVERSE] is wrong.

Available properties: [SQUARE, JUMPING, EVEN, DUCK, GAPFUL, SUNNY, BUZZ, SPY, ODD, PALINDROMIC]

Enter a request: > 0

Goodbye!
?[1;31m
Start test 74?[0m
Welcome to Amazing Numbers!

Supported requests:
- enter a natural number to know its properties;
- enter two natural numbers to obtain the properties of the list:
  * the first parameter represents a starting number;
  * the second parameter shows how many consecutive numbers are to be printed;
- two natural numbers and properties to search for;
- separate the parameters with one space;
- enter 0 to exit.

Enter a request: > 4449 19 DUCK &hj

The property [&HJ] is wrong.

Available properties: [SQUARE, JUMPING, EVEN, DUCK, GAPFUL, SUNNY, BUZZ, SPY, ODD, PALINDROMIC]

Enter a request: > 0

Goodbye!
?[1;31m
Start test 75?[0m
Welcome to Amazing Numbers!

Supported requests:
- enter a natural number to know its properties;
- enter two natural numbers to obtain the properties of the list:
  * the first parameter represents a starting number;
  * the second parameter shows how many consecutive numbers are to be printed;
- two natural numbers and properties to search for;
- separate the parameters with one space;
- enter 0 to exit.

Enter a request: > 32221 18 SQUARE 242 PALINDROMIC

The property [242] is wrong.

Available properties: [SQUARE, JUMPING, EVEN, DUCK, GAPFUL, SUNNY, BUZZ, SPY, ODD, PALINDROMIC]

Enter a request: > 0

Goodbye!
?[1;31m
Start test 76?[0m
Welcome to Amazing Numbers!

Supported requests:
- enter a natural number to know its properties;
- enter two natural numbers to obtain the properties of the list:
  * the first parameter represents a starting number;
  * the second parameter shows how many consecutive numbers are to be printed;
- two natural numbers and properties to search for;
- separate the parameters with one space;
- enter 0 to exit.

Enter a request: > 24281 7 SUNNY bAY

The property [BAY] is wrong.

Available properties: [SQUARE, JUMPING, EVEN, DUCK, GAPFUL, SUNNY, BUZZ, SPY, ODD, PALINDROMIC]

Enter a request: > 0

Goodbye!
?[1;31m
Start test 77?[0m
Welcome to Amazing Numbers!

Supported requests:
- enter a natural number to know its properties;
- enter two natural numbers to obtain the properties of the list:
  * the first parameter represents a starting number;
  * the second parameter shows how many consecutive numbers are to be printed;
- two natural numbers and properties to search for;
- separate the parameters with one space;
- enter 0 to exit.

Enter a request: > 30613 20 SQUARE SPY DUCK gipful

The property [GIPFUL] is wrong.

Available properties: [SQUARE, JUMPING, EVEN, DUCK, GAPFUL, SUNNY, BUZZ, SPY, ODD, PALINDROMIC]

Enter a request: > 0

Goodbye!
?[1;31m
Start test 78?[0m
Welcome to Amazing Numbers!

Supported requests:
- enter a natural number to know its properties;
- enter two natural numbers to obtain the properties of the list:
  * the first parameter represents a starting number;
  * the second parameter shows how many consecutive numbers are to be printed;
- two natural numbers and properties to search for;
- separate the parameters with one space;
- enter 0 to exit.

Enter a request: > 5067 9 SUNNY buzzz

The property [BUZZZ] is wrong.

Available properties: [SQUARE, JUMPING, EVEN, DUCK, GAPFUL, SUNNY, BUZZ, SPY, ODD, PALINDROMIC]

Enter a request: > 0

Goodbye!
?[1;31m
Start test 79?[0m
Welcome to Amazing Numbers!

Supported requests:
- enter a natural number to know its properties;
- enter two natural numbers to obtain the properties of the list:
  * the first parameter represents a starting number;
  * the second parameter shows how many consecutive numbers are to be printed;
- two natural numbers and properties to search for;
- separate the parameters with one space;
- enter 0 to exit.

Enter a request: > 5 1 odd even

The request contains mutually exclusive properties: [EVEN, ODD]
There are no numbers with these properties.

Enter a request: > 0

Goodbye!
?[1;31m
Start test 80?[0m
Welcome to Amazing Numbers!

Supported requests:
- enter a natural number to know its properties;
- enter two natural numbers to obtain the properties of the list:
  * the first parameter represents a starting number;
  * the second parameter shows how many consecutive numbers are to be printed;
- two natural numbers and properties to search for;
- separate the parameters with one space;
- enter 0 to exit.

Enter a request: > 4 3 even odd

The request contains mutually exclusive properties: [EVEN, ODD]
There are no numbers with these properties.

Enter a request: > 0

Goodbye!
?[1;31m
Start test 81?[0m
Welcome to Amazing Numbers!

Supported requests:
- enter a natural number to know its properties;
- enter two natural numbers to obtain the properties of the list:
  * the first parameter represents a starting number;
  * the second parameter shows how many consecutive numbers are to be printed;
- two natural numbers and properties to search for;
- separate the parameters with one space;
- enter 0 to exit.

Enter a request: > 32 2 sunny square

The request contains mutually exclusive properties: [SUNNY, SQUARE]
There are no numbers with these properties.

Enter a request: > 0

Goodbye!
?[1;31m
Start test 82?[0m
Welcome to Amazing Numbers!

Supported requests:
- enter a natural number to know its properties;
- enter two natural numbers to obtain the properties of the list:
  * the first parameter represents a starting number;
  * the second parameter shows how many consecutive numbers are to be printed;
- two natural numbers and properties to search for;
- separate the parameters with one space;
- enter 0 to exit.

Enter a request: > 3153 2 spy duck

The request contains mutually exclusive properties: [DUCK, SPY]
There are no numbers with these properties.

Enter a request: > 0

Goodbye!
?[1;31m
Start test 83?[0m
Welcome to Amazing Numbers!

Supported requests:
- enter a natural number to know its properties;
- enter two natural numbers to obtain the properties of the list:
  * the first parameter represents a starting number;
  * the second parameter shows how many consecutive numbers are to be printed;
- two natural numbers and properties to search for;
- separate the parameters with one space;
- enter 0 to exit.

Enter a request: > 6 7 duck spy

The request contains mutually exclusive properties: [DUCK, SPY]
There are no numbers with these properties.

Enter a request: > 0

Goodbye!
?[1;31m
Start test 84?[0m
Welcome to Amazing Numbers!

Supported requests:
- enter a natural number to know its properties;
- enter two natural numbers to obtain the properties of the list:
  * the first parameter represents a starting number;
  * the second parameter shows how many consecutive numbers are to be printed;
- two natural numbers and properties to search for;
- separate the parameters with one space;
- enter 0 to exit.

Enter a request: > 1 2 spy odd sunny even

The request contains mutually exclusive properties: [EVEN, ODD]
There are no numbers with these properties.

Enter a request: > 0

Goodbye!
?[1;31m
Start test 85?[0m
Welcome to Amazing Numbers!

Supported requests:
- enter a natural number to know its properties;
- enter two natural numbers to obtain the properties of the list:
  * the first parameter represents a starting number;
  * the second parameter shows how many consecutive numbers are to be printed;
- two natural numbers and properties to search for;
- separate the parameters with one space;
- enter 0 to exit.

Enter a request: > 7 2 sunny even duck buzz square

The request contains mutually exclusive properties: [SUNNY, SQUARE]
There are no numbers with these properties.

Enter a request: > 0

Goodbye!
?[1;31m
Start test 86?[0m
Welcome to Amazing Numbers!

Supported requests:
- enter a natural number to know its properties;
- enter two natural numbers to obtain the properties of the list:
  * the first parameter represents a starting number;
  * the second parameter shows how many consecutive numbers are to be printed;
- two natural numbers and properties to search for;
- separate the parameters with one space;
- enter 0 to exit.

Enter a request: > 9 5 even spy buzz duck

The request contains mutually exclusive properties: [DUCK, SPY]
There are no numbers with these properties.

Enter a request: > 0

Goodbye!
]]></system-out>
  <system-err><![CDATA[]]></system-err>
</testsuite>
